<?xml version="1.0" encoding="UTF-8"?>
<testng-results skipped="0" failed="1" ignored="0" total="4" passed="3">
  <reporter-output>
  </reporter-output>
  <suite name="Suite" duration-ms="5388" started-at="2020-08-06T15:16:15 IST" finished-at="2020-08-06T15:16:20 IST">
    <groups>
    </groups>
    <test name="Test" duration-ms="5388" started-at="2020-08-06T15:16:15 IST" finished-at="2020-08-06T15:16:20 IST">
      <class name="com.ig.test.ApiTest">
        <test-method status="PASS" signature="setUp()[pri:0, instance:com.ig.test.ApiTest@1e6d1014]" name="setUp" is-config="true" duration-ms="310" started-at="2020-08-06T15:16:15 IST" finished-at="2020-08-06T15:16:15 IST">
          <reporter-output>
          </reporter-output>
        </test-method> <!-- setUp -->
        <test-method status="FAIL" signature="validareResponseBodyWithInvalidData()[pri:0, instance:com.ig.test.ApiTest@1e6d1014]" name="validareResponseBodyWithInvalidData" duration-ms="2488" started-at="2020-08-06T15:16:15 IST" finished-at="2020-08-06T15:16:18 IST">
          <exception class="java.lang.AssertionError">
            <message>
              <![CDATA[expected [ABC Infotech] but found [IG Infotech]]]>
            </message>
            <full-stacktrace>
              <![CDATA[java.lang.AssertionError: expected [ABC Infotech] but found [IG Infotech]
at org.testng.Assert.fail(Assert.java:97)
at org.testng.Assert.assertEqualsImpl(Assert.java:136)
at org.testng.Assert.assertEquals(Assert.java:118)
at org.testng.Assert.assertEquals(Assert.java:575)
at org.testng.Assert.assertEquals(Assert.java:585)
at com.ig.test.ApiTest.validareResponseBodyWithInvalidData(ApiTest.java:47)
at sun.reflect.NativeMethodAccessorImpl.invoke0(Native Method)
at sun.reflect.NativeMethodAccessorImpl.invoke(NativeMethodAccessorImpl.java:62)
at sun.reflect.DelegatingMethodAccessorImpl.invoke(DelegatingMethodAccessorImpl.java:43)
at java.lang.reflect.Method.invoke(Method.java:498)
at org.testng.internal.MethodInvocationHelper.invokeMethod(MethodInvocationHelper.java:134)
at org.testng.internal.TestInvoker.invokeMethod(TestInvoker.java:597)
at org.testng.internal.TestInvoker.invokeTestMethod(TestInvoker.java:173)
at org.testng.internal.MethodRunner.runInSequence(MethodRunner.java:46)
at org.testng.internal.TestInvoker$MethodInvocationAgent.invoke(TestInvoker.java:816)
at org.testng.internal.TestInvoker.invokeTestMethods(TestInvoker.java:146)
at org.testng.internal.TestMethodWorker.invokeTestMethods(TestMethodWorker.java:146)
at org.testng.internal.TestMethodWorker.run(TestMethodWorker.java:128)
at java.util.ArrayList.forEach(ArrayList.java:1257)
at org.testng.TestRunner.privateRun(TestRunner.java:766)
at org.testng.TestRunner.run(TestRunner.java:587)
at org.testng.SuiteRunner.runTest(SuiteRunner.java:384)
at org.testng.SuiteRunner.runSequentially(SuiteRunner.java:378)
at org.testng.SuiteRunner.privateRun(SuiteRunner.java:337)
at org.testng.SuiteRunner.run(SuiteRunner.java:286)
at org.testng.SuiteRunnerWorker.runSuite(SuiteRunnerWorker.java:53)
at org.testng.SuiteRunnerWorker.run(SuiteRunnerWorker.java:96)
at org.testng.TestNG.runSuitesSequentially(TestNG.java:1187)
at org.testng.TestNG.runSuitesLocally(TestNG.java:1109)
at org.testng.TestNG.runSuites(TestNG.java:1039)
at org.testng.TestNG.run(TestNG.java:1007)
at org.testng.remote.AbstractRemoteTestNG.run(AbstractRemoteTestNG.java:115)
at org.testng.remote.RemoteTestNG.initAndRun(RemoteTestNG.java:251)
at org.testng.remote.RemoteTestNG.main(RemoteTestNG.java:77)
]]>
            </full-stacktrace>
          </exception> <!-- java.lang.AssertionError -->
          <reporter-output>
          </reporter-output>
        </test-method> <!-- validareResponseBodyWithInvalidData -->
        <test-method status="PASS" signature="setUp()[pri:0, instance:com.ig.test.ApiTest@1e6d1014]" name="setUp" is-config="true" duration-ms="0" started-at="2020-08-06T15:16:18 IST" finished-at="2020-08-06T15:16:18 IST">
          <reporter-output>
          </reporter-output>
        </test-method> <!-- setUp -->
        <test-method status="PASS" signature="validateResponseBody()[pri:0, instance:com.ig.test.ApiTest@1e6d1014]" name="validateResponseBody" duration-ms="1135" started-at="2020-08-06T15:16:18 IST" finished-at="2020-08-06T15:16:19 IST">
          <reporter-output>
          </reporter-output>
        </test-method> <!-- validateResponseBody -->
        <test-method status="PASS" signature="setUp()[pri:0, instance:com.ig.test.ApiTest@1e6d1014]" name="setUp" is-config="true" duration-ms="1" started-at="2020-08-06T15:16:19 IST" finished-at="2020-08-06T15:16:19 IST">
          <reporter-output>
          </reporter-output>
        </test-method> <!-- setUp -->
        <test-method status="PASS" signature="validateResponseHeader()[pri:0, instance:com.ig.test.ApiTest@1e6d1014]" name="validateResponseHeader" duration-ms="601" started-at="2020-08-06T15:16:19 IST" finished-at="2020-08-06T15:16:20 IST">
          <reporter-output>
          </reporter-output>
        </test-method> <!-- validateResponseHeader -->
        <test-method status="PASS" signature="setUp()[pri:0, instance:com.ig.test.ApiTest@1e6d1014]" name="setUp" is-config="true" duration-ms="1" started-at="2020-08-06T15:16:20 IST" finished-at="2020-08-06T15:16:20 IST">
          <reporter-output>
          </reporter-output>
        </test-method> <!-- setUp -->
        <test-method status="PASS" signature="validateStatusCode()[pri:0, instance:com.ig.test.ApiTest@1e6d1014]" name="validateStatusCode" duration-ms="810" started-at="2020-08-06T15:16:20 IST" finished-at="2020-08-06T15:16:20 IST">
          <reporter-output>
          </reporter-output>
        </test-method> <!-- validateStatusCode -->
      </class> <!-- com.ig.test.ApiTest -->
    </test> <!-- Test -->
  </suite> <!-- Suite -->
</testng-results>
